[debug] [2020-10-05T13:59:37.063Z] ----------------------------------------------------------------------
[debug] [2020-10-05T13:59:37.065Z] Command:       C:\Program Files\nodejs\node.exe C:\Users\Administrator\AppData\Local\Yarn\Data\global\node_modules\firebase-tools\lib\bin\firebase.js emulators:start
[debug] [2020-10-05T13:59:37.065Z] CLI Version:   8.11.2
[debug] [2020-10-05T13:59:37.065Z] Platform:      win32
[debug] [2020-10-05T13:59:37.065Z] Node Version:  v12.18.3
[debug] [2020-10-05T13:59:37.066Z] Time:          Mon Oct 05 2020 09:59:37 GMT-0400 (Eastern Daylight Time)
[debug] [2020-10-05T13:59:37.066Z] ----------------------------------------------------------------------
[debug] [2020-10-05T13:59:37.066Z] 
[debug] [2020-10-05T13:59:37.080Z] > command requires scopes: ["email","openid","https://www.googleapis.com/auth/cloudplatformprojects.readonly","https://www.googleapis.com/auth/firebase","https://www.googleapis.com/auth/cloud-platform"]
[debug] [2020-10-05T13:59:37.081Z] > authorizing via signed-in user
[info] i  emulators: Starting emulators: functions, hosting {"metadata":{"emulator":{"name":"hub"},"message":"Starting emulators: functions, hosting"}}
[debug] [2020-10-05T13:59:39.137Z] [hub] writing locator at C:\Users\ADMINI~1\AppData\Local\Temp\hub-clone-4a1c8.json
[warn] !  functions: The following emulators are not running, calls to these services from the Functions emulator will affect production: auth, firestore, database, pubsub {"metadata":{"emulator":{"name":"functions"},"message":"The following emulators are not running, calls to these services from the Functions emulator will affect production: \u001b[1mauth, firestore, database, pubsub\u001b[22m"}}
[warn] !  Your requested "node" version "10" doesn't match your global version "12" {"metadata":{"emulator":{"name":"functions"},"message":"Your requested \"node\" version \"10\" doesn't match your global version \"12\""}}
[debug] [2020-10-05T13:59:41.198Z] defaultcredentials: writing to file C:\Users\Administrator\AppData\Roaming\firebase\yergenis_gmail_com_application_default_credentials.json
[debug] [2020-10-05T13:59:41.199Z] Setting GAC to C:\Users\Administrator\AppData\Roaming\firebase\yergenis_gmail_com_application_default_credentials.json {"metadata":{"emulator":{"name":"functions"},"message":"Setting GAC to C:\\Users\\Administrator\\AppData\\Roaming\\firebase\\yergenis_gmail_com_application_default_credentials.json"}}
[debug] [2020-10-05T13:59:43.237Z] > refreshing access token with scopes: ["email","https://www.googleapis.com/auth/cloud-platform","https://www.googleapis.com/auth/cloudplatformprojects.readonly","https://www.googleapis.com/auth/firebase","openid"]
[debug] [2020-10-05T13:59:43.237Z] >>> HTTP REQUEST POST https://www.googleapis.com/oauth2/v3/token  
 <request body omitted>
[debug] [2020-10-05T13:59:43.369Z] <<< HTTP RESPONSE 200 {"content-type":"application/json; charset=utf-8","vary":"X-Origin, Referer, Origin,Accept-Encoding","date":"Mon, 05 Oct 2020 13:59:44 GMT","server":"scaffolding on HTTPServer2","cache-control":"private","x-xss-protection":"0","x-frame-options":"SAMEORIGIN","x-content-type-options":"nosniff","alt-svc":"h3-Q050=\":443\"; ma=2592000,h3-29=\":443\"; ma=2592000,h3-27=\":443\"; ma=2592000,h3-T051=\":443\"; ma=2592000,h3-T050=\":443\"; ma=2592000,h3-Q046=\":443\"; ma=2592000,h3-Q043=\":443\"; ma=2592000,quic=\":443\"; ma=2592000; v=\"46,43\"","accept-ranges":"none","transfer-encoding":"chunked"}
[debug] [2020-10-05T13:59:43.372Z] >>> HTTP REQUEST GET https://firebase.googleapis.com/v1beta1/projects/clone-4a1c8/webApps/-/config  
 
[debug] [2020-10-05T13:59:44.209Z] <<< HTTP RESPONSE 200 {"content-type":"application/json; charset=UTF-8","vary":"X-Origin, Referer, Origin,Accept-Encoding","date":"Mon, 05 Oct 2020 13:59:44 GMT","server":"ESF","cache-control":"private","x-xss-protection":"0","x-frame-options":"SAMEORIGIN","x-content-type-options":"nosniff","alt-svc":"h3-Q050=\":443\"; ma=2592000,h3-29=\":443\"; ma=2592000,h3-27=\":443\"; ma=2592000,h3-T051=\":443\"; ma=2592000,h3-T050=\":443\"; ma=2592000,h3-Q046=\":443\"; ma=2592000,h3-Q043=\":443\"; ma=2592000,quic=\":443\"; ma=2592000; v=\"46,43\"","accept-ranges":"none","transfer-encoding":"chunked"}
[info] i  hosting: Serving hosting files from: build {"metadata":{"emulator":{"name":"hosting"},"message":"Serving hosting files from: \u001b[1mbuild\u001b[22m"}}
[info] +  hosting: Local server: http://localhost:5000 {"metadata":{"emulator":{"name":"hosting"},"message":"Local server: \u001b[4m\u001b[1mhttp://localhost:5000\u001b[22m\u001b[24m"}}
[debug] [2020-10-05T13:59:48.317Z] Ignoring unsupported arg: auto_download {"metadata":{"emulator":{"name":"ui"},"message":"Ignoring unsupported arg: auto_download"}}
[debug] [2020-10-05T13:59:48.318Z] Ignoring unsupported arg: port {"metadata":{"emulator":{"name":"ui"},"message":"Ignoring unsupported arg: port"}}
[debug] [2020-10-05T13:59:48.318Z] Starting Emulator UI with command {"binary":"node","args":["C:\\Users\\Administrator\\.cache\\firebase\\emulators\\ui-v1.1.1\\server.bundle.js"],"optionalArgs":[],"joinArgs":false} {"metadata":{"emulator":{"name":"ui"},"message":"Starting Emulator UI with command {\"binary\":\"node\",\"args\":[\"C:\\\\Users\\\\Administrator\\\\.cache\\\\firebase\\\\emulators\\\\ui-v1.1.1\\\\server.bundle.js\"],\"optionalArgs\":[],\"joinArgs\":false}"}}
[info] i  ui: Emulator UI logging to ui-debug.log {"metadata":{"emulator":{"name":"ui"},"message":"Emulator UI logging to \u001b[1mui-debug.log\u001b[22m"}}
[debug] [2020-10-05T13:59:48.416Z] Web / API server started at http://localhost:4000
 {"metadata":{"emulator":{"name":"ui"},"message":"Web / API server started at http://localhost:4000\n"}}
[info] i  functions: Watching "D:\Study\React\CleverProgrammer\amazon-clone\functions" for Cloud Functions... {"metadata":{"emulator":{"name":"functions"},"message":"Watching \"D:\\Study\\React\\CleverProgrammer\\amazon-clone\\functions\" for Cloud Functions..."}}
[debug] [2020-10-05T13:59:48.839Z] [worker-pool] addWorker(~diagnostic~) {"metadata":{"emulator":{"name":"functions"},"message":"[worker-pool] addWorker(~diagnostic~)"}}
[debug] [2020-10-05T13:59:48.839Z] [worker-pool] Adding worker with key ~diagnostic~, total=1 {"metadata":{"emulator":{"name":"functions"},"message":"[worker-pool] Adding worker with key ~diagnostic~, total=1"}}
[debug] [2020-10-05T13:59:48.839Z] [worker-pool] submitWork(triggerId=) {"metadata":{"emulator":{"name":"functions"},"message":"[worker-pool] submitWork(triggerId=)"}}
[debug] [2020-10-05T13:59:48.840Z] [worker-~diagnostic~-7e501b7e-5d68-4a1d-9689-4c35b2c45580]: Assigning socketPath: \\?\pipe\D:\Study\React\CleverProgrammer\amazon-clone\functions\34288 {"metadata":{"emulator":{"name":"functions"},"message":"[worker-~diagnostic~-7e501b7e-5d68-4a1d-9689-4c35b2c45580]: Assigning socketPath: \\\\?\\pipe\\D:\\Study\\React\\CleverProgrammer\\amazon-clone\\functions\\34288"}}
[debug] [2020-10-05T13:59:48.840Z] [worker-~diagnostic~-7e501b7e-5d68-4a1d-9689-4c35b2c45580]: BUSY {"metadata":{"emulator":{"name":"functions"},"message":"[worker-~diagnostic~-7e501b7e-5d68-4a1d-9689-4c35b2c45580]: BUSY"}}
[debug] [2020-10-05T13:59:49.164Z] [runtime-status] [34288] Functions runtime initialized. {"cwd":"D:\\Study\\React\\CleverProgrammer\\amazon-clone\\functions","node_version":"12.18.3"} {"metadata":{"emulator":{"name":"functions"},"message":"[runtime-status] [34288] Functions runtime initialized. {\"cwd\":\"D:\\\\Study\\\\React\\\\CleverProgrammer\\\\amazon-clone\\\\functions\",\"node_version\":\"12.18.3\"}"}}
[debug] [2020-10-05T13:59:49.165Z] [runtime-status] [34288] Disabled runtime features: undefined {"metadata":{"emulator":{"name":"functions"},"message":"[runtime-status] [34288] Disabled runtime features: undefined"}}
[debug] [2020-10-05T13:59:49.175Z] [runtime-status] [34288] Resolved module firebase-admin {"declared":true,"installed":true,"version":"8.13.0","resolution":"D:\\Study\\React\\CleverProgrammer\\amazon-clone\\functions\\node_modules\\firebase-admin\\lib\\index.js"} {"metadata":{"emulator":{"name":"functions"},"message":"[runtime-status] [34288] Resolved module firebase-admin {\"declared\":true,\"installed\":true,\"version\":\"8.13.0\",\"resolution\":\"D:\\\\Study\\\\React\\\\CleverProgrammer\\\\amazon-clone\\\\functions\\\\node_modules\\\\firebase-admin\\\\lib\\\\index.js\"}"}}
[debug] [2020-10-05T13:59:49.185Z] [runtime-status] [34288] Resolved module firebase-functions {"declared":true,"installed":true,"version":"3.11.0","resolution":"D:\\Study\\React\\CleverProgrammer\\amazon-clone\\functions\\node_modules\\firebase-functions\\lib\\index.js"} {"metadata":{"emulator":{"name":"functions"},"message":"[runtime-status] [34288] Resolved module firebase-functions {\"declared\":true,\"installed\":true,\"version\":\"3.11.0\",\"resolution\":\"D:\\\\Study\\\\React\\\\CleverProgrammer\\\\amazon-clone\\\\functions\\\\node_modules\\\\firebase-functions\\\\lib\\\\index.js\"}"}}
[debug] [2020-10-05T13:59:49.186Z] [runtime-status] [34288] Resolved module firebase-functions {"declared":true,"installed":true,"version":"3.11.0","resolution":"D:\\Study\\React\\CleverProgrammer\\amazon-clone\\functions\\node_modules\\firebase-functions\\lib\\index.js"} {"metadata":{"emulator":{"name":"functions"},"message":"[runtime-status] [34288] Resolved module firebase-functions {\"declared\":true,\"installed\":true,\"version\":\"3.11.0\",\"resolution\":\"D:\\\\Study\\\\React\\\\CleverProgrammer\\\\amazon-clone\\\\functions\\\\node_modules\\\\firebase-functions\\\\lib\\\\index.js\"}"}}
[debug] [2020-10-05T13:59:49.187Z] [runtime-status] [34288] Outgoing network have been stubbed. [{"name":"http","status":"mocked"},{"name":"http","status":"mocked"},{"name":"https","status":"mocked"},{"name":"https","status":"mocked"},{"name":"net","status":"mocked"}] {"metadata":{"emulator":{"name":"functions"},"message":"[runtime-status] [34288] Outgoing network have been stubbed. [{\"name\":\"http\",\"status\":\"mocked\"},{\"name\":\"http\",\"status\":\"mocked\"},{\"name\":\"https\",\"status\":\"mocked\"},{\"name\":\"https\",\"status\":\"mocked\"},{\"name\":\"net\",\"status\":\"mocked\"}]"}}
[debug] [2020-10-05T13:59:49.187Z] [runtime-status] [34288] Resolved module firebase-functions {"declared":true,"installed":true,"version":"3.11.0","resolution":"D:\\Study\\React\\CleverProgrammer\\amazon-clone\\functions\\node_modules\\firebase-functions\\lib\\index.js"} {"metadata":{"emulator":{"name":"functions"},"message":"[runtime-status] [34288] Resolved module firebase-functions {\"declared\":true,\"installed\":true,\"version\":\"3.11.0\",\"resolution\":\"D:\\\\Study\\\\React\\\\CleverProgrammer\\\\amazon-clone\\\\functions\\\\node_modules\\\\firebase-functions\\\\lib\\\\index.js\"}"}}
[debug] [2020-10-05T13:59:49.944Z] [runtime-status] [34288] Checked functions.config() {"config":{}} {"metadata":{"emulator":{"name":"functions"},"message":"[runtime-status] [34288] Checked functions.config() {\"config\":{}}"}}
[debug] [2020-10-05T13:59:49.944Z] [runtime-status] [34288] firebase-functions has been stubbed. {"functionsResolution":{"declared":true,"installed":true,"version":"3.11.0","resolution":"D:\\Study\\React\\CleverProgrammer\\amazon-clone\\functions\\node_modules\\firebase-functions\\lib\\index.js"}} {"metadata":{"emulator":{"name":"functions"},"message":"[runtime-status] [34288] firebase-functions has been stubbed. {\"functionsResolution\":{\"declared\":true,\"installed\":true,\"version\":\"3.11.0\",\"resolution\":\"D:\\\\Study\\\\React\\\\CleverProgrammer\\\\amazon-clone\\\\functions\\\\node_modules\\\\firebase-functions\\\\lib\\\\index.js\"}}"}}
[debug] [2020-10-05T13:59:49.944Z] [runtime-status] [34288] Resolved module firebase-functions {"declared":true,"installed":true,"version":"3.11.0","resolution":"D:\\Study\\React\\CleverProgrammer\\amazon-clone\\functions\\node_modules\\firebase-functions\\lib\\index.js"} {"metadata":{"emulator":{"name":"functions"},"message":"[runtime-status] [34288] Resolved module firebase-functions {\"declared\":true,\"installed\":true,\"version\":\"3.11.0\",\"resolution\":\"D:\\\\Study\\\\React\\\\CleverProgrammer\\\\amazon-clone\\\\functions\\\\node_modules\\\\firebase-functions\\\\lib\\\\index.js\"}"}}
[debug] [2020-10-05T13:59:49.946Z] [runtime-status] [34288] Resolved module firebase-admin {"declared":true,"installed":true,"version":"8.13.0","resolution":"D:\\Study\\React\\CleverProgrammer\\amazon-clone\\functions\\node_modules\\firebase-admin\\lib\\index.js"} {"metadata":{"emulator":{"name":"functions"},"message":"[runtime-status] [34288] Resolved module firebase-admin {\"declared\":true,\"installed\":true,\"version\":\"8.13.0\",\"resolution\":\"D:\\\\Study\\\\React\\\\CleverProgrammer\\\\amazon-clone\\\\functions\\\\node_modules\\\\firebase-admin\\\\lib\\\\index.js\"}"}}
[debug] [2020-10-05T13:59:49.946Z] [runtime-status] [34288] Resolved module firebase-functions {"declared":true,"installed":true,"version":"3.11.0","resolution":"D:\\Study\\React\\CleverProgrammer\\amazon-clone\\functions\\node_modules\\firebase-functions\\lib\\index.js"} {"metadata":{"emulator":{"name":"functions"},"message":"[runtime-status] [34288] Resolved module firebase-functions {\"declared\":true,\"installed\":true,\"version\":\"3.11.0\",\"resolution\":\"D:\\\\Study\\\\React\\\\CleverProgrammer\\\\amazon-clone\\\\functions\\\\node_modules\\\\firebase-functions\\\\lib\\\\index.js\"}"}}
[debug] [2020-10-05T13:59:49.946Z] [runtime-status] [34288] firebase-admin has been stubbed. {"adminResolution":{"declared":true,"installed":true,"version":"8.13.0","resolution":"D:\\Study\\React\\CleverProgrammer\\amazon-clone\\functions\\node_modules\\firebase-admin\\lib\\index.js"}} {"metadata":{"emulator":{"name":"functions"},"message":"[runtime-status] [34288] firebase-admin has been stubbed. {\"adminResolution\":{\"declared\":true,\"installed\":true,\"version\":\"8.13.0\",\"resolution\":\"D:\\\\Study\\\\React\\\\CleverProgrammer\\\\amazon-clone\\\\functions\\\\node_modules\\\\firebase-admin\\\\lib\\\\index.js\"}}"}}
[info] +  functions[api]: http function initialized (http://localhost:5001/clone-4a1c8/us-central1/api). {"metadata":{"emulator":{"name":"functions"},"message":"\u001b[1mhttp\u001b[22m function initialized (http://localhost:5001/clone-4a1c8/us-central1/api)."}}
[info] 
┌───────────────────────────────────────────────────────────────────────┐
│ ✔  All emulators ready! View status and logs at http://localhost:4000 │
└───────────────────────────────────────────────────────────────────────┘

┌───────────┬────────────────┬─────────────────────────────────┐
│ Emulator  │ Host:Port      │ View in Emulator UI             │
├───────────┼────────────────┼─────────────────────────────────┤
│ Functions │ localhost:5001 │ http://localhost:4000/functions │
├───────────┼────────────────┼─────────────────────────────────┤
│ Hosting   │ localhost:5000 │ n/a                             │
└───────────┴────────────────┴─────────────────────────────────┘
  Other reserved ports: 4400, 4500

Issues? Report them at https://github.com/firebase/firebase-tools/issues and attach the *-debug.log files.
 
[debug] [2020-10-05T13:59:52.081Z] [worker-~diagnostic~-7e501b7e-5d68-4a1d-9689-4c35b2c45580]: IDLE {"metadata":{"emulator":{"name":"functions"},"message":"[worker-~diagnostic~-7e501b7e-5d68-4a1d-9689-4c35b2c45580]: IDLE"}}
[debug] [2020-10-05T14:00:12.012Z] [work-queue] {"queueLength":1,"workRunningCount":0}
[debug] [2020-10-05T14:00:12.012Z] [work-queue] {"queueLength":0,"workRunningCount":1}
[debug] [2020-10-05T14:00:12.013Z] Accepted request GET /clone-4a1c8/us-central1/api/ --> api
[debug] [2020-10-05T14:00:12.019Z] [worker-pool] addWorker(api) {"metadata":{"emulator":{"name":"functions"},"message":"[worker-pool] addWorker(api)"}}
[debug] [2020-10-05T14:00:12.019Z] [worker-pool] Adding worker with key api, total=1 {"metadata":{"emulator":{"name":"functions"},"message":"[worker-pool] Adding worker with key api, total=1"}}
[debug] [2020-10-05T14:00:12.019Z] [worker-pool] submitWork(triggerId=api) {"metadata":{"emulator":{"name":"functions"},"message":"[worker-pool] submitWork(triggerId=api)"}}
[debug] [2020-10-05T14:00:12.019Z] [worker-api-b5376ae5-01da-48ad-ba0c-28136b3962ef]: Assigning socketPath: \\?\pipe\D:\Study\React\CleverProgrammer\amazon-clone\functions\44132 {"metadata":{"emulator":{"name":"functions"},"message":"[worker-api-b5376ae5-01da-48ad-ba0c-28136b3962ef]: Assigning socketPath: \\\\?\\pipe\\D:\\Study\\React\\CleverProgrammer\\amazon-clone\\functions\\44132"}}
[debug] [2020-10-05T14:00:12.019Z] [worker-api-b5376ae5-01da-48ad-ba0c-28136b3962ef]: BUSY {"metadata":{"emulator":{"name":"functions"},"message":"[worker-api-b5376ae5-01da-48ad-ba0c-28136b3962ef]: BUSY"}}
[debug] [2020-10-05T14:00:12.330Z] [runtime-status] [44132] Functions runtime initialized. {"cwd":"D:\\Study\\React\\CleverProgrammer\\amazon-clone\\functions","node_version":"12.18.3"} {"metadata":{"emulator":{"name":"functions"},"function":{"name":"api"},"message":"[runtime-status] [44132] Functions runtime initialized. {\"cwd\":\"D:\\\\Study\\\\React\\\\CleverProgrammer\\\\amazon-clone\\\\functions\",\"node_version\":\"12.18.3\"}"}}
[debug] [2020-10-05T14:00:12.332Z] [runtime-status] [44132] Disabled runtime features: undefined {"metadata":{"emulator":{"name":"functions"},"function":{"name":"api"},"message":"[runtime-status] [44132] Disabled runtime features: undefined"}}
[debug] [2020-10-05T14:00:12.334Z] [runtime-status] [44132] Resolved module firebase-admin {"declared":true,"installed":true,"version":"8.13.0","resolution":"D:\\Study\\React\\CleverProgrammer\\amazon-clone\\functions\\node_modules\\firebase-admin\\lib\\index.js"} {"metadata":{"emulator":{"name":"functions"},"function":{"name":"api"},"message":"[runtime-status] [44132] Resolved module firebase-admin {\"declared\":true,\"installed\":true,\"version\":\"8.13.0\",\"resolution\":\"D:\\\\Study\\\\React\\\\CleverProgrammer\\\\amazon-clone\\\\functions\\\\node_modules\\\\firebase-admin\\\\lib\\\\index.js\"}"}}
[debug] [2020-10-05T14:00:12.337Z] [runtime-status] [44132] Resolved module firebase-functions {"declared":true,"installed":true,"version":"3.11.0","resolution":"D:\\Study\\React\\CleverProgrammer\\amazon-clone\\functions\\node_modules\\firebase-functions\\lib\\index.js"} {"metadata":{"emulator":{"name":"functions"},"function":{"name":"api"},"message":"[runtime-status] [44132] Resolved module firebase-functions {\"declared\":true,\"installed\":true,\"version\":\"3.11.0\",\"resolution\":\"D:\\\\Study\\\\React\\\\CleverProgrammer\\\\amazon-clone\\\\functions\\\\node_modules\\\\firebase-functions\\\\lib\\\\index.js\"}"}}
[debug] [2020-10-05T14:00:12.337Z] [runtime-status] [44132] Resolved module firebase-functions {"declared":true,"installed":true,"version":"3.11.0","resolution":"D:\\Study\\React\\CleverProgrammer\\amazon-clone\\functions\\node_modules\\firebase-functions\\lib\\index.js"} {"metadata":{"emulator":{"name":"functions"},"function":{"name":"api"},"message":"[runtime-status] [44132] Resolved module firebase-functions {\"declared\":true,\"installed\":true,\"version\":\"3.11.0\",\"resolution\":\"D:\\\\Study\\\\React\\\\CleverProgrammer\\\\amazon-clone\\\\functions\\\\node_modules\\\\firebase-functions\\\\lib\\\\index.js\"}"}}
[debug] [2020-10-05T14:00:12.339Z] [runtime-status] [44132] Outgoing network have been stubbed. [{"name":"http","status":"mocked"},{"name":"http","status":"mocked"},{"name":"https","status":"mocked"},{"name":"https","status":"mocked"},{"name":"net","status":"mocked"}] {"metadata":{"emulator":{"name":"functions"},"function":{"name":"api"},"message":"[runtime-status] [44132] Outgoing network have been stubbed. [{\"name\":\"http\",\"status\":\"mocked\"},{\"name\":\"http\",\"status\":\"mocked\"},{\"name\":\"https\",\"status\":\"mocked\"},{\"name\":\"https\",\"status\":\"mocked\"},{\"name\":\"net\",\"status\":\"mocked\"}]"}}
[debug] [2020-10-05T14:00:12.339Z] [runtime-status] [44132] Resolved module firebase-functions {"declared":true,"installed":true,"version":"3.11.0","resolution":"D:\\Study\\React\\CleverProgrammer\\amazon-clone\\functions\\node_modules\\firebase-functions\\lib\\index.js"} {"metadata":{"emulator":{"name":"functions"},"function":{"name":"api"},"message":"[runtime-status] [44132] Resolved module firebase-functions {\"declared\":true,\"installed\":true,\"version\":\"3.11.0\",\"resolution\":\"D:\\\\Study\\\\React\\\\CleverProgrammer\\\\amazon-clone\\\\functions\\\\node_modules\\\\firebase-functions\\\\lib\\\\index.js\"}"}}
[debug] [2020-10-05T14:00:12.371Z] [runtime-status] [44132] Checked functions.config() {"config":{}} {"metadata":{"emulator":{"name":"functions"},"function":{"name":"api"},"message":"[runtime-status] [44132] Checked functions.config() {\"config\":{}}"}}
[debug] [2020-10-05T14:00:12.371Z] [runtime-status] [44132] firebase-functions has been stubbed. {"functionsResolution":{"declared":true,"installed":true,"version":"3.11.0","resolution":"D:\\Study\\React\\CleverProgrammer\\amazon-clone\\functions\\node_modules\\firebase-functions\\lib\\index.js"}} {"metadata":{"emulator":{"name":"functions"},"function":{"name":"api"},"message":"[runtime-status] [44132] firebase-functions has been stubbed. {\"functionsResolution\":{\"declared\":true,\"installed\":true,\"version\":\"3.11.0\",\"resolution\":\"D:\\\\Study\\\\React\\\\CleverProgrammer\\\\amazon-clone\\\\functions\\\\node_modules\\\\firebase-functions\\\\lib\\\\index.js\"}}"}}
[debug] [2020-10-05T14:00:12.372Z] [runtime-status] [44132] Resolved module firebase-functions {"declared":true,"installed":true,"version":"3.11.0","resolution":"D:\\Study\\React\\CleverProgrammer\\amazon-clone\\functions\\node_modules\\firebase-functions\\lib\\index.js"} {"metadata":{"emulator":{"name":"functions"},"function":{"name":"api"},"message":"[runtime-status] [44132] Resolved module firebase-functions {\"declared\":true,\"installed\":true,\"version\":\"3.11.0\",\"resolution\":\"D:\\\\Study\\\\React\\\\CleverProgrammer\\\\amazon-clone\\\\functions\\\\node_modules\\\\firebase-functions\\\\lib\\\\index.js\"}"}}
[debug] [2020-10-05T14:00:12.372Z] [runtime-status] [44132] Resolved module firebase-admin {"declared":true,"installed":true,"version":"8.13.0","resolution":"D:\\Study\\React\\CleverProgrammer\\amazon-clone\\functions\\node_modules\\firebase-admin\\lib\\index.js"} {"metadata":{"emulator":{"name":"functions"},"function":{"name":"api"},"message":"[runtime-status] [44132] Resolved module firebase-admin {\"declared\":true,\"installed\":true,\"version\":\"8.13.0\",\"resolution\":\"D:\\\\Study\\\\React\\\\CleverProgrammer\\\\amazon-clone\\\\functions\\\\node_modules\\\\firebase-admin\\\\lib\\\\index.js\"}"}}
[debug] [2020-10-05T14:00:12.373Z] [runtime-status] [44132] Resolved module firebase-functions {"declared":true,"installed":true,"version":"3.11.0","resolution":"D:\\Study\\React\\CleverProgrammer\\amazon-clone\\functions\\node_modules\\firebase-functions\\lib\\index.js"} {"metadata":{"emulator":{"name":"functions"},"function":{"name":"api"},"message":"[runtime-status] [44132] Resolved module firebase-functions {\"declared\":true,\"installed\":true,\"version\":\"3.11.0\",\"resolution\":\"D:\\\\Study\\\\React\\\\CleverProgrammer\\\\amazon-clone\\\\functions\\\\node_modules\\\\firebase-functions\\\\lib\\\\index.js\"}"}}
[debug] [2020-10-05T14:00:12.373Z] [runtime-status] [44132] firebase-admin has been stubbed. {"adminResolution":{"declared":true,"installed":true,"version":"8.13.0","resolution":"D:\\Study\\React\\CleverProgrammer\\amazon-clone\\functions\\node_modules\\firebase-admin\\lib\\index.js"}} {"metadata":{"emulator":{"name":"functions"},"function":{"name":"api"},"message":"[runtime-status] [44132] firebase-admin has been stubbed. {\"adminResolution\":{\"declared\":true,\"installed\":true,\"version\":\"8.13.0\",\"resolution\":\"D:\\\\Study\\\\React\\\\CleverProgrammer\\\\amazon-clone\\\\functions\\\\node_modules\\\\firebase-admin\\\\lib\\\\index.js\"}}"}}
[debug] [2020-10-05T14:00:12.491Z] [runtime-status] [44132] Trigger "api" has been found, beginning invocation! {"metadata":{"emulator":{"name":"functions"},"function":{"name":"api"},"message":"[runtime-status] [44132] Trigger \"api\" has been found, beginning invocation!"}}
[info] i  functions: Beginning execution of "api" {"metadata":{"emulator":{"name":"functions"},"function":{"name":"api"},"message":"Beginning execution of \"api\""}}
[debug] [2020-10-05T14:00:12.492Z] [runtime-status] [44132] triggerDefinition {"httpsTrigger":{},"name":"api","entryPoint":"api"} {"metadata":{"emulator":{"name":"functions"},"function":{"name":"api"},"message":"[runtime-status] [44132] triggerDefinition {\"httpsTrigger\":{},\"name\":\"api\",\"entryPoint\":\"api\"}"}}
[debug] [2020-10-05T14:00:12.493Z] [runtime-status] [44132] Running api in mode HTTPS {"metadata":{"emulator":{"name":"functions"},"function":{"name":"api"},"message":"[runtime-status] [44132] Running api in mode HTTPS"}}
[debug] [2020-10-05T14:00:12.494Z] [runtime-status] [44132] Attempting to listen to socketPath: \\?\pipe\D:\Study\React\CleverProgrammer\amazon-clone\functions\44132 {"metadata":{"emulator":{"name":"functions"},"function":{"name":"api"},"message":"[runtime-status] [44132] Attempting to listen to socketPath: \\\\?\\pipe\\D:\\Study\\React\\CleverProgrammer\\amazon-clone\\functions\\44132"}}
[debug] [2020-10-05T14:00:12.496Z] [functions] Runtime ready! Sending request! {"metadata":{"emulator":{"name":"functions"},"message":"[functions] Runtime ready! Sending request!"}}
[debug] [2020-10-05T14:00:12.500Z] [runtime-status] [44132] Ephemeral server handling GET request {"metadata":{"emulator":{"name":"functions"},"function":{"name":"api"},"message":"[runtime-status] [44132] Ephemeral server handling GET request"}}
[debug] [2020-10-05T14:00:12.505Z] [runtime-status] [44132] Ephemeral server survived. {"metadata":{"emulator":{"name":"functions"},"function":{"name":"api"},"message":"[runtime-status] [44132] Ephemeral server survived."}}
[info] i  functions: Finished "api" in ~1s {"metadata":{"emulator":{"name":"functions"},"function":{"name":"api"},"message":"Finished \"api\" in ~1s"}}
[debug] [2020-10-05T14:00:12.507Z] [worker-api-b5376ae5-01da-48ad-ba0c-28136b3962ef]: IDLE {"metadata":{"emulator":{"name":"functions"},"message":"[worker-api-b5376ae5-01da-48ad-ba0c-28136b3962ef]: IDLE"}}
[debug] [2020-10-05T14:00:12.508Z] [work-queue] {"queueLength":0,"workRunningCount":0}
[debug] [2020-10-05T14:02:20.367Z] [work-queue] {"queueLength":1,"workRunningCount":0}
[debug] [2020-10-05T14:02:20.368Z] [work-queue] {"queueLength":0,"workRunningCount":1}
[debug] [2020-10-05T14:02:20.368Z] Accepted request POST /clone-4a1c8/us-central1/api/payments/create?total=1726 --> api
[debug] [2020-10-05T14:02:20.368Z] [worker-pool] submitWork(triggerId=api) {"metadata":{"emulator":{"name":"functions"},"message":"[worker-pool] submitWork(triggerId=api)"}}
[debug] [2020-10-05T14:02:20.368Z] [worker-api-b5376ae5-01da-48ad-ba0c-28136b3962ef]: Assigning socketPath: \\?\pipe\D:\Study\React\CleverProgrammer\amazon-clone\functions\44132 {"metadata":{"emulator":{"name":"functions"},"message":"[worker-api-b5376ae5-01da-48ad-ba0c-28136b3962ef]: Assigning socketPath: \\\\?\\pipe\\D:\\Study\\React\\CleverProgrammer\\amazon-clone\\functions\\44132"}}
[debug] [2020-10-05T14:02:20.368Z] [worker-api-b5376ae5-01da-48ad-ba0c-28136b3962ef]: BUSY {"metadata":{"emulator":{"name":"functions"},"message":"[worker-api-b5376ae5-01da-48ad-ba0c-28136b3962ef]: BUSY"}}
[debug] [2020-10-05T14:02:20.368Z] [runtime-status] [44132] Trigger "api" has been found, beginning invocation! {"metadata":{"emulator":{"name":"functions"},"function":{"name":"api"},"message":"[runtime-status] [44132] Trigger \"api\" has been found, beginning invocation!"}}
[info] i  functions: Beginning execution of "api" {"metadata":{"emulator":{"name":"functions"},"function":{"name":"api"},"message":"Beginning execution of \"api\""}}
[debug] [2020-10-05T14:02:20.369Z] [runtime-status] [44132] triggerDefinition {"httpsTrigger":{},"name":"api","entryPoint":"api"} {"metadata":{"emulator":{"name":"functions"},"function":{"name":"api"},"message":"[runtime-status] [44132] triggerDefinition {\"httpsTrigger\":{},\"name\":\"api\",\"entryPoint\":\"api\"}"}}
[debug] [2020-10-05T14:02:20.370Z] [runtime-status] [44132] Running api in mode HTTPS {"metadata":{"emulator":{"name":"functions"},"function":{"name":"api"},"message":"[runtime-status] [44132] Running api in mode HTTPS"}}
[debug] [2020-10-05T14:02:20.370Z] [runtime-status] [44132] Attempting to listen to socketPath: \\?\pipe\D:\Study\React\CleverProgrammer\amazon-clone\functions\44132 {"metadata":{"emulator":{"name":"functions"},"function":{"name":"api"},"message":"[runtime-status] [44132] Attempting to listen to socketPath: \\\\?\\pipe\\D:\\Study\\React\\CleverProgrammer\\amazon-clone\\functions\\44132"}}
[debug] [2020-10-05T14:02:20.370Z] [functions] Runtime ready! Sending request! {"metadata":{"emulator":{"name":"functions"},"message":"[functions] Runtime ready! Sending request!"}}
[debug] [2020-10-05T14:02:20.373Z] [runtime-status] [44132] Ephemeral server handling POST request {"metadata":{"emulator":{"name":"functions"},"function":{"name":"api"},"message":"[runtime-status] [44132] Ephemeral server handling POST request"}}
[info] >  Payment request receive for this amount >>>  1726 {"user":"Payment request receive for this amount >>>  1726","metadata":{"emulator":{"name":"functions"},"function":{"name":"api"},"message":"\u001b[90m> \u001b[39m Payment request receive for this amount >>>  1726"}}
[debug] [2020-10-05T14:02:20.396Z] [runtime-status] [44132] Ephemeral server survived. {"metadata":{"emulator":{"name":"functions"},"function":{"name":"api"},"message":"[runtime-status] [44132] Ephemeral server survived."}}
[info] i  functions: Finished "api" in ~1s {"metadata":{"emulator":{"name":"functions"},"function":{"name":"api"},"message":"Finished \"api\" in ~1s"}}
[debug] [2020-10-05T14:02:20.825Z] [worker-api-b5376ae5-01da-48ad-ba0c-28136b3962ef]: IDLE {"metadata":{"emulator":{"name":"functions"},"message":"[worker-api-b5376ae5-01da-48ad-ba0c-28136b3962ef]: IDLE"}}
[debug] [2020-10-05T14:02:20.826Z] [work-queue] {"queueLength":0,"workRunningCount":0}
